Arguments: 
  /usr/local/bin/node /Users/avizacherman/.yarn/bin/yarn.js init

PATH: 
  /opt/homebrew/bin:/opt/homebrew/sbin:/Users/avizacherman/.yarn/bin:/Users/avizacherman/.config/yarn/global/node_modules/.bin:/usr/local/bin:/usr/bin:/bin:/usr/sbin:/sbin:/opt/mqm/bin:/opt/mqm/samp/bin:/usr/local/share/dotnet:/opt/X11/bin:~/.dotnet/tools:/Library/Frameworks/Mono.framework/Versions/Current/Commands

Yarn version: 
  1.22.5

Node version: 
  18.12.1

Platform: 
  darwin arm64

Trace: 
  Error: canceled
      at Interface.<anonymous> (/Users/avizacherman/.yarn/lib/cli.js:137009:13)
      at Interface.emit (node:events:513:28)
      at [_ttyWrite] [as _ttyWrite] (node:internal/readline/interface:1124:18)
      at ReadStream.onkeypress (node:internal/readline/interface:273:20)
      at ReadStream.emit (node:events:513:28)
      at emitKeys (node:internal/readline/utils:357:14)
      at emitKeys.next (<anonymous>)
      at ReadStream.onData (node:internal/readline/emitKeypressEvents:64:36)
      at ReadStream.emit (node:events:513:28)
      at addChunk (node:internal/streams/readable:324:12)

npm manifest: 
  No manifest

yarn manifest: 
  No manifest

Lockfile: 
  No lockfile
